[2025-04-22 19:04:36] Campaign ID 330: Updated recipients: 125 emails.
[2025-04-22 19:04:36] Campaign ID 330: Campaign scheduled for 2025-04-23 12:00:00.
[2025-04-22 19:04:37] Campaign ID 330: Updated recipients: 125 emails.
[2025-04-22 19:04:37] Campaign ID 330: Campaign scheduled for 2025-04-23 12:00:00.
[2025-04-22 19:10:12] Campaign ID 330: Updated recipients: 125 emails.
[2025-04-22 19:10:12] Campaign ID 330: Campaign scheduled for 2025-04-24 00:00:00.
[2025-04-22 19:10:13] Campaign ID 330: Updated recipients: 125 emails.
[2025-04-22 19:10:13] Campaign ID 330: Campaign scheduled for 2025-04-24 00:00:00.
[2025-04-22 19:10:18] Campaign ID 330: Updated recipients: 125 emails.
[2025-04-22 19:10:18] Campaign ID 330: Campaign scheduled for 2025-04-24 00:00:00.
[2025-04-22 19:10:19] Campaign ID 330: Updated recipients: 125 emails.
[2025-04-22 19:10:19] Campaign ID 330: Campaign scheduled for 2025-04-24 00:00:00.
[2025-04-22 19:30:59] Campaign ID 330: Updated recipients: 125 emails.
[2025-04-22 19:30:59] Campaign ID 330: Campaign scheduled for 2025-04-24 00:00:00.
[2025-04-22 19:31:00] Campaign ID 330: Updated recipients: 125 emails.
[2025-04-22 19:31:00] Campaign ID 330: Campaign scheduled for 2025-04-24 00:00:00.
[2025-04-22 19:31:37] Campaign ID 330: Updated recipients: 125 emails.
[2025-04-22 19:31:37] Campaign ID 330: Campaign scheduled for 2025-04-23 00:00:00.
[2025-04-22 19:31:38] Campaign ID 330: Updated recipients: 125 emails.
[2025-04-22 19:31:38] Campaign ID 330: Campaign scheduled for 2025-04-23 00:00:00.
[2025-04-22 19:38:54] Campaign ID 330: Updated recipients: 125 emails.
[2025-04-22 19:38:54] Campaign ID 330: Campaign scheduled for 2025-04-23 00:33:00.
[2025-04-22 19:38:55] Campaign ID 330: Updated recipients: 125 emails.
[2025-04-22 19:38:55] Campaign ID 330: Campaign scheduled for 2025-04-23 00:33:00.
[2025-04-22 19:39:35] Campaign ID 330: Updated recipients: 125 emails.
[2025-04-22 19:39:35] Campaign ID 330: Campaign scheduled for 2025-04-23 00:33:00.
[2025-04-22 19:39:36] Campaign ID 330: Updated recipients: 125 emails.
[2025-04-22 19:39:36] Campaign ID 330: Campaign scheduled for 2025-04-23 00:33:00.
[2025-04-22 19:41:58] Campaign ID 330: Updated recipients: 125 emails.
[2025-04-22 19:41:58] Campaign ID 330: Campaign schedule in the past, not scheduled.
[2025-04-22 19:41:59] Campaign ID 330: Updated recipients: 125 emails.
[2025-04-22 19:41:59] Campaign ID 330: Campaign schedule in the past, not scheduled.
[2025-04-22 19:42:48] Campaign ID 330: Updated recipients: 125 emails.
[2025-04-22 19:42:48] Campaign ID 330: Campaign schedule in the past, not scheduled.
[2025-04-22 19:42:49] Campaign ID 330: Updated recipients: 125 emails.
[2025-04-22 19:42:49] Campaign ID 330: Campaign schedule in the past, not scheduled.
[2025-04-22 19:42:56] Campaign ID 330: Updated recipients: 125 emails.
[2025-04-22 19:42:56] Campaign ID 330: Campaign scheduled for 2025-04-23 00:44:00.
[2025-04-22 19:42:57] Campaign ID 330: Updated recipients: 125 emails.
[2025-04-22 19:42:57] Campaign ID 330: Campaign scheduled for 2025-04-23 00:44:00.
[2025-04-22 19:43:10] Campaign ID 330: Updated recipients: 125 emails.
[2025-04-22 19:43:10] Campaign ID 330: Campaign scheduled for 2025-04-23 00:44:00.
[2025-04-22 19:43:11] Campaign ID 330: Updated recipients: 125 emails.
[2025-04-22 19:43:11] Campaign ID 330: Campaign scheduled for 2025-04-23 00:44:00.
[2025-04-22 19:43:35] Campaign ID 330: Updated recipients: 0 emails.
[2025-04-22 19:43:35] Campaign ID 330: Campaign scheduled for 2025-04-23 00:44:00.
[2025-04-22 19:43:36] Campaign ID 330: Updated recipients: 0 emails.
[2025-04-22 19:43:36] Campaign ID 330: Campaign scheduled for 2025-04-23 00:44:00.
[2025-04-22 19:43:44] Campaign ID 330: Updated recipients: 125 emails.
[2025-04-22 19:43:44] Campaign ID 330: Campaign scheduled for 2025-04-23 00:44:00.
[2025-04-22 19:43:45] Campaign ID 330: Updated recipients: 125 emails.
[2025-04-22 19:43:45] Campaign ID 330: Campaign scheduled for 2025-04-23 00:44:00.
[2025-04-23 01:47:17] Campaign ID 330: Campaign scheduled time reached, triggering email sending.
[2025-04-23 01:47:18] Campaign ID 330: Email sent to main.trustpa@gmail.com
[2025-04-23 01:47:18] Campaign ID 330: Email sent to clemson2310@hotmail.com
[2025-04-23 01:47:18] Campaign ID 330: Email sent to showmmoy1@gmail.com
[2025-04-23 01:47:18] Campaign ID 330: Email sent to mhb.cse@gmail.com
[2025-04-23 01:47:18] Campaign ID 330: Email sent to sajibhowlader82@gmail.com
[2025-04-23 01:47:18] Campaign ID 330: Email sent to md.alamin02136@gmail.com
[2025-04-23 01:47:18] Campaign ID 330: Email sent to get.emonahmed@gmail.com
[2025-04-23 01:47:19] Campaign ID 330: Email sent to j.riyadh08@gmail.com
[2025-04-23 01:47:19] Campaign ID 330: Email sent to mirajkhan14@gmail.com
[2025-04-23 01:47:19] Campaign ID 330: Email sent to cdbd13564@gmail.com
[2025-04-23 01:47:19] Campaign ID 330: Email sent to banin.abid.83@gmail.com
[2025-04-23 01:47:19] Campaign ID 330: Email sent to ferozodesk@gmail.com
[2025-04-23 01:47:19] Campaign ID 330: Email sent to askam.skd@gmail.com
[2025-04-23 01:47:20] Campaign ID 330: Email sent to rajin.raihan@gmail.com
[2025-04-23 01:47:20] Campaign ID 330: Email sent to arafat@handyvirtual.com
[2025-04-23 01:47:20] Campaign ID 330: Email sent to ahamadshopnil.dev@gmail.com
[2025-04-23 01:47:20] Campaign ID 330: Email sent to isbmamun@gmail.com
[2025-04-23 01:47:20] Campaign ID 330: Email sent to majharulfaheem@gmail.com
[2025-04-23 01:47:20] Campaign ID 330: Email sent to mhripon012@gmail.com
[2025-04-23 01:47:20] Campaign ID 330: Email sent to myselfmishuk@gmail.com
[2025-04-23 01:47:21] Campaign ID 330: Email sent to limonqorani1@gmail.com
[2025-04-23 01:47:21] Campaign ID 330: Email sent to liakatsarkar353@gmail.com
[2025-04-23 01:47:21] Campaign ID 330: Email sent to itszaman@gmail.com
[2025-04-23 01:47:21] Campaign ID 330: Email sent to moh.habibur.7@gmail.com
[2025-04-23 01:47:21] Campaign ID 330: Email sent to spidermanb44@gmail.com
[2025-04-23 01:47:21] Campaign ID 330: Email sent to mza092013@gmail.com
[2025-04-23 01:47:21] Campaign ID 330: Email sent to asadtakewondo@gmail.com
[2025-04-23 01:47:22] Campaign ID 330: Email sent to yasinsarkar111@gmail.com
[2025-04-23 01:47:22] Campaign ID 330: Email sent to mirazhossain.civil@gmail.com
[2025-04-23 01:47:22] Campaign ID 330: Email sent to relaxbazarbd@gmail.com
[2025-04-23 01:47:22] Campaign ID 330: Email sent to sifathislam0@gmail.com
[2025-04-23 01:47:22] Campaign ID 330: Email sent to yoursharif@outlook.com
[2025-04-23 01:47:22] Campaign ID 330: Email sent to munafmasroor@gmail.com
[2025-04-23 01:47:22] Campaign ID 330: Email sent to harun1393@gmail.com
[2025-04-23 01:47:23] Campaign ID 330: Email sent to arafat8081@gmail.com
[2025-04-23 01:47:23] Campaign ID 330: Email sent to knockmasuma@gmail.com
[2025-04-23 01:47:23] Campaign ID 330: Email sent to helloserpguru@gmail.com
[2025-04-23 01:47:23] Campaign ID 330: Email sent to sadmansajnus2021@gmail.com
[2025-04-23 01:47:23] Campaign ID 330: Email sent to contact.mustafizur@gmail.com
[2025-04-23 01:47:23] Campaign ID 330: Email sent to shahfayet@gmail.com
[2025-04-23 01:47:23] Campaign ID 330: Email sent to swe.razu@gmail.com
[2025-04-23 01:47:24] Campaign ID 330: Email sent to sifatsifu101@gmail.com
[2025-04-23 01:47:24] Campaign ID 330: Email sent to arasadrahman03@gmail.com
[2025-04-23 01:47:24] Campaign ID 330: Email sent to taijulislam3419@gmail.com
[2025-04-23 01:47:24] Campaign ID 330: Email sent to asadhossainux@gmail.com
[2025-04-23 01:47:24] Campaign ID 330: Email sent to selflearning.radwan@gmail.com
[2025-04-23 01:47:24] Campaign ID 330: Email sent to nazrul0181400@gmail.com
[2025-04-23 01:47:24] Campaign ID 330: Email sent to personalnaeemofficial@gmail.com
[2025-04-23 01:47:25] Campaign ID 330: Email sent to neazahmedneaz@gmail.com
[2025-04-23 01:47:25] Campaign ID 330: Email sent to easygrowbd@gmail.com
[2025-04-23 01:47:25] Campaign ID 330: Processed 50 emails, 75 remaining.
[2025-04-23 01:49:42] Campaign ID 330: Email opened by easygrowbd@gmail.com
